  ColorImg.cpp
C:\Users\9426224\source\repos\9426224\StereoCamera\opencv\include\opencv2\core\mat.hpp(1914,1): warning C4819: The file contains a character that cannot be represented in the current code page (936). Save the file in Unicode format to prevent data loss
C:\Users\9426224\source\repos\9426224\StereoCamera\opencv\include\opencv2\core\persistence.hpp(1,1): warning C4819: The file contains a character that cannot be represented in the current code page (936). Save the file in Unicode format to prevent data loss
C:\Users\9426224\source\repos\9426224\StereoCamera\opencv\include\opencv2\core\utility.hpp(1,1): warning C4819: The file contains a character that cannot be represented in the current code page (936). Save the file in Unicode format to prevent data loss
C:\Users\9426224\source\repos\9426224\StereoCamera\opencv\include\opencv2\core\utility.hpp(1,1): warning C4819: The file contains a character that cannot be represented in the current code page (936). Save the file in Unicode format to prevent data loss
  DepthImg.cpp
C:\Users\9426224\source\repos\9426224\StereoCamera\opencv\include\opencv2\core\mat.hpp(1914,1): warning C4819: The file contains a character that cannot be represented in the current code page (936). Save the file in Unicode format to prevent data loss
C:\Users\9426224\source\repos\9426224\StereoCamera\opencv\include\opencv2\core\persistence.hpp(1,1): warning C4819: The file contains a character that cannot be represented in the current code page (936). Save the file in Unicode format to prevent data loss
C:\Users\9426224\source\repos\9426224\StereoCamera\opencv\include\opencv2\core\utility.hpp(1,1): warning C4819: The file contains a character that cannot be represented in the current code page (936). Save the file in Unicode format to prevent data loss
C:\Users\9426224\source\repos\9426224\StereoCamera\opencv\include\opencv2\core\utility.hpp(1,1): warning C4819: The file contains a character that cannot be represented in the current code page (936). Save the file in Unicode format to prevent data loss
C:\Users\9426224\source\repos\9426224\StereoCamera\Stereo\DepthImg.cpp(69,71): warning C4244: 'argument': conversion from 'float' to '_Tp', possible loss of data
          with
          [
              _Tp=int
          ]
C:\Users\9426224\source\repos\9426224\StereoCamera\Stereo\DepthImg.cpp(69,49): warning C4244: 'argument': conversion from 'float' to '_Tp', possible loss of data
          with
          [
              _Tp=int
          ]
C:\Users\9426224\source\repos\9426224\StereoCamera\Stereo\DepthImg.cpp(80,16): warning C4244: '=': conversion from 'double' to 'float', possible loss of data
  Device.cpp
C:\Users\9426224\source\repos\9426224\StereoCamera\opencv\include\opencv2\core\mat.hpp(1914,1): warning C4819: The file contains a character that cannot be represented in the current code page (936). Save the file in Unicode format to prevent data loss
C:\Users\9426224\source\repos\9426224\StereoCamera\opencv\include\opencv2\core\persistence.hpp(1,1): warning C4819: The file contains a character that cannot be represented in the current code page (936). Save the file in Unicode format to prevent data loss
C:\Users\9426224\source\repos\9426224\StereoCamera\opencv\include\opencv2\core\utility.hpp(1,1): warning C4819: The file contains a character that cannot be represented in the current code page (936). Save the file in Unicode format to prevent data loss
C:\Users\9426224\source\repos\9426224\StereoCamera\opencv\include\opencv2\core\utility.hpp(1,1): warning C4819: The file contains a character that cannot be represented in the current code page (936). Save the file in Unicode format to prevent data loss
C:\Users\9426224\source\repos\9426224\StereoCamera\Stereo\Device.cpp(23,25): warning C4267: '=': conversion from 'size_t' to 'int', possible loss of data
  main.cpp
  Stereo.cpp
C:\Users\9426224\source\repos\9426224\StereoCamera\opencv\include\opencv2\core\mat.hpp(1914,1): warning C4819: The file contains a character that cannot be represented in the current code page (936). Save the file in Unicode format to prevent data loss
C:\Users\9426224\source\repos\9426224\StereoCamera\opencv\include\opencv2\core\persistence.hpp(1,1): warning C4819: The file contains a character that cannot be represented in the current code page (936). Save the file in Unicode format to prevent data loss
C:\Users\9426224\source\repos\9426224\StereoCamera\opencv\include\opencv2\core\utility.hpp(1,1): warning C4819: The file contains a character that cannot be represented in the current code page (936). Save the file in Unicode format to prevent data loss
C:\Users\9426224\source\repos\9426224\StereoCamera\opencv\include\opencv2\core\utility.hpp(1,1): warning C4819: The file contains a character that cannot be represented in the current code page (936). Save the file in Unicode format to prevent data loss
  Utility.cpp
C:\Users\9426224\source\repos\9426224\StereoCamera\Stereo\Utility.cpp(170,16): warning C4101: 'pWS': unreferenced local variable
  Generating Code...
  Stereo.vcxproj -> C:\Users\9426224\source\repos\9426224\StereoCamera\x64\Debug\Stereo.exe
